<?xml version="1.0" encoding="UTF-8"?>
<testng-results skipped="0" failed="0" total="1" passed="1">
  <reporter-output>
  </reporter-output>
  <suite name="Default suite" duration-ms="25" started-at="2022-11-01T09:22:54Z" finished-at="2022-11-01T09:22:54Z">
    <groups>
    </groups>
    <test name="Default test" duration-ms="25" started-at="2022-11-01T09:22:54Z" finished-at="2022-11-01T09:22:54Z">
      <class name="NewTest2">
        <test-method status="PASS" signature="beforeTest()[pri:0, instance:NewTest2@28feb3fa]" name="beforeTest" is-config="true" duration-ms="9" started-at="2022-11-01T20:22:54Z" finished-at="2022-11-01T20:22:54Z">
          <reporter-output>
          </reporter-output>
        </test-method> <!-- beforeTest -->
        <test-method status="PASS" signature="f()[pri:0, instance:NewTest2@28feb3fa]" name="f" duration-ms="6" started-at="2022-11-01T20:22:54Z" finished-at="2022-11-01T20:22:54Z">
          <reporter-output>
          </reporter-output>
        </test-method> <!-- f -->
        <test-method status="PASS" signature="afterTest()[pri:0, instance:NewTest2@28feb3fa]" name="afterTest" is-config="true" duration-ms="0" started-at="2022-11-01T20:22:54Z" finished-at="2022-11-01T20:22:54Z">
          <reporter-output>
          </reporter-output>
        </test-method> <!-- afterTest -->
      </class> <!-- NewTest2 -->
    </test> <!-- Default test -->
  </suite> <!-- Default suite -->
</testng-results>
